2020-06-05T12:11:46.929+0800	INFO	iCloud/main.go:37	iCloud server started
2020-06-05T12:12:31.641+0800	INFO	iCloud/main.go:37	iCloud server started
2020-06-05T12:13:43.652+0800	INFO	iCloud/main.go:37	iCloud server started
2020-06-05T12:15:58.399+0800	INFO	iCloud/main.go:37	iCloud server started
2020-06-06T11:13:37.116+0800	INFO	server/main.go:45	iCloud server started
2020-06-06T12:01:11.755+0800	INFO	server/main.go:38	iCloud server started
2020-06-06T12:04:50.352+0800	INFO	server/main.go:38	iCloud server started
2020-06-06T12:14:02.546+0800	INFO	server/main.go:38	iCloud server started
2020-06-06T12:40:53.194+0800	INFO	server/main.go:43	iCloud server started
2020-06-06T12:42:05.281+0800	INFO	server/main.go:44	iCloud server started
2020-06-06T13:22:00.940+0800	INFO	server/main.go:47	iCloud server started
2020-06-06T13:47:38.712+0800	INFO	server/main.go:43	iCloud server started
2020-06-06T13:50:41.948+0800	INFO	server/main.go:43	iCloud server started
2020-06-06T13:51:21.775+0800	INFO	server/main.go:43	iCloud server started
2020-06-06T13:52:07.666+0800	INFO	server/main.go:43	iCloud server started
2020-06-06T13:53:54.629+0800	INFO	server/main.go:43	iCloud server started
2020-06-06T13:57:01.860+0800	INFO	server/main.go:43	iCloud server started
2020-06-06T14:02:01.898+0800	INFO	server/main.go:43	iCloud server started
2020-06-06T14:04:47.338+0800	INFO	server/main.go:43	iCloud server started
2020-06-06T14:10:03.862+0800	INFO	server/main.go:43	iCloud server started
2020-06-06T14:11:54.552+0800	INFO	server/main.go:43	iCloud server started
2020-06-06T14:13:16.023+0800	INFO	server/main.go:43	iCloud server started
2020-06-06T14:30:31.185+0800	INFO	server/main.go:43	iCloud server started
2020-06-06T14:33:29.404+0800	INFO	server/main.go:43	iCloud server started
2020-06-06T18:20:38.760+0800	INFO	server/main.go:43	iCloud server started
2020-06-06T18:22:23.605+0800	INFO	server/main.go:43	iCloud server started
2020-06-06T18:36:56.774+0800	INFO	server/main.go:43	iCloud server started
2020-06-08T11:53:34.144+0800	INFO	server/main.go:43	iCloud server started
2020-06-08T12:00:16.103+0800	INFO	server/main.go:43	iCloud server started
2020-06-08T12:18:56.401+0800	INFO	server/main.go:43	iCloud server started
2020-06-08T13:32:41.984+0800	INFO	server/main.go:43	iCloud server started
2020-06-08T13:48:56.720+0800	INFO	server/main.go:43	iCloud server started
2020-06-08T13:57:27.470+0800	INFO	server/main.go:43	iCloud server started
2020-06-08T14:35:53.055+0800	INFO	server/main.go:40	iCloud server started
2020-06-08T15:31:02.035+0800	INFO	server/main.go:40	iCloud server started
2020-06-08T15:37:16.802+0800	INFO	server/main.go:40	iCloud server started
2020-06-09T12:04:59.157+0800	INFO	server/main.go:40	iCloud server started
2020-06-09T12:07:09.707+0800	ERROR	apps/docker.go:176	%s error, list all containers on host[%s] error: %vapps.docker.ContainerList()192.168.0.100error during connect: Get http://192.168.0.100:7777/v1.25/containers/json?all=1&limit=0: dial tcp 192.168.0.100:7777: connectex: No connection could be made because the target machine actively refused it.
2020-06-09T12:07:27.206+0800	ERROR	apps/docker.go:176	%s error, list all containers on host[%s] error: %vapps.docker.ContainerList()192.168.1.151error during connect: Get http://192.168.1.151:12345/v1.25/containers/json?all=1&limit=0: dial tcp 192.168.1.151:12345: connectex: No connection could be made because the target machine actively refused it.
2020-06-10T11:57:59.210+0800	INFO	server/main.go:40	iCloud server started
2020-06-11T14:32:15.612+0800	ERROR	apps/docker.go:176	%s error, list all containers on host[%s] error: %vapps.docker.ContainerList()192.168.1.151error during connect: Get http://192.168.1.151:12345/v1.25/containers/json?all=1&limit=0: dial tcp 192.168.1.151:12345: connectex: No connection could be made because the target machine actively refused it.
2020-06-11T14:35:00.913+0800	ERROR	apps/docker.go:176	%s error, list all containers on host[%s] error: %vapps.docker.ContainerList()192.168.1.151error during connect: Get http://192.168.1.151:12345/v1.25/containers/json?all=1&limit=0: dial tcp 192.168.1.151:12345: connectex: No connection could be made because the target machine actively refused it.
2020-06-11T14:35:07.691+0800	ERROR	apps/docker.go:176	%s error, list all containers on host[%s] error: %vapps.docker.ContainerList()192.168.1.151error during connect: Get http://192.168.1.151:12345/v1.25/containers/json?all=1&limit=0: dial tcp 192.168.1.151:12345: connectex: No connection could be made because the target machine actively refused it.
2020-06-11T15:31:58.573+0800	ERROR	apps/docker.go:176	%s error, list all containers on host[%s] error: %vapps.docker.ContainerList()192.168.1.151error during connect: Get http://192.168.1.151:12345/v1.25/containers/json?all=1&limit=0: dial tcp 192.168.1.151:12345: connectex: No connection could be made because the target machine actively refused it.
2020-06-11T15:54:01.125+0800	INFO	server/main.go:40	iCloud server started
2020-06-11T15:54:56.963+0800	INFO	server/main.go:40	iCloud server started
2020-06-11T15:58:50.325+0800	INFO	server/main.go:40	iCloud server started
2020-06-11T17:06:22.472+0800	INFO	server/main.go:40	iCloud server started
2020-06-11T17:11:48.008+0800	INFO	server/main.go:40	iCloud server started
2020-06-11T17:26:46.382+0800	INFO	server/main.go:40	iCloud server started
2020-06-11T18:27:39.803+0800	INFO	server/main.go:40	iCloud server started
2020-06-11T18:51:45.606+0800	INFO	server/main.go:40	iCloud server started
2020-06-11T19:02:59.345+0800	INFO	server/main.go:40	iCloud server started
2020-06-11T19:04:07.047+0800	INFO	server/main.go:40	iCloud server started
2020-06-11T19:06:12.667+0800	INFO	server/main.go:40	iCloud server started
2020-06-11T19:06:15.368+0800	ERROR	apps/docker.go:264	%s error, read request data error: %vapps.docker.ContainerCreateAndRun()json: cannot unmarshal string into Go struct field ContainerConfiguration.maxCpu of type uint32
2020-06-11T19:06:49.579+0800	INFO	server/main.go:40	iCloud server started
2020-06-12T11:02:15.830+0800	INFO	server/main.go:40	iCloud server started
2020-06-12T15:27:16.844+0800	INFO	server/main.go:40	iCloud server started
2020-06-12T15:52:33.601+0800	INFO	server/main.go:40	iCloud server started
2020-06-12T16:11:05.013+0800	INFO	server/main.go:40	iCloud server started
2020-06-12T16:34:26.745+0800	ERROR	apps/docker.go:202	%s error, mem to int error: %vapps.docker.resourceConfInit()strconv.Atoi: parsing "1.00": invalid syntax
2020-06-12T16:37:32.791+0800	INFO	server/main.go:40	iCloud server started
2020-06-12T16:37:35.832+0800	ERROR	apps/docker.go:202	apps.docker.resourceConfInit() error, mem to int error: strconv.Atoi: parsing "1.00": invalid syntax
2020-06-12T16:42:58.573+0800	INFO	server/main.go:40	iCloud server started
2020-06-12T18:14:26.472+0800	INFO	server/main.go:40	iCloud server started
2020-06-12T18:15:54.139+0800	INFO	server/main.go:40	iCloud server started
2020-06-12T19:02:28.387+0800	INFO	server/main.go:40	iCloud server started
2020-06-12T19:04:11.694+0800	INFO	server/main.go:40	iCloud server started
2020-06-13T20:50:49.441+0800	INFO	server/main.go:40	iCloud server started
2020-06-15T13:38:35.809+0800	ERROR	apps/docker.go:516	apps.docker.ContainerLogs error, read container log options data error: json: cannot unmarshal number into Go struct field ContainerLogsOptions.Tail of type string
2020-06-15T13:40:34.559+0800	ERROR	apps/docker.go:516	apps.docker.ContainerLogs error, read container log options data error: json: cannot unmarshal number into Go struct field ContainerLogsOptions.Tail of type string
2020-06-15T13:46:39.238+0800	INFO	server/main.go:40	iCloud server started
2020-06-15T15:03:38.687+0800	ERROR	apps/docker.go:516	apps.docker.ContainerLogs error, read container log options data error: json: cannot unmarshal number into Go struct field ContainerLogsOptions.Tail of type string
2020-06-15T15:55:27.151+0800	INFO	server/main.go:40	iCloud server started
2020-06-15T16:53:50.293+0800	ERROR	apps/docker.go:241	apps.docker.createRunContainer() error, create container error: Error response from daemon: source is not directory
2020-06-15T16:59:19.391+0800	INFO	server/main.go:40	iCloud server started
2020-06-15T16:59:28.109+0800	ERROR	apps/docker.go:245	apps.docker.createContainer() error, create container error: Error response from daemon: source is not directory
2020-06-15T17:01:00.316+0800	INFO	server/main.go:40	iCloud server started
2020-06-15T17:02:23.498+0800	ERROR	apps/docker.go:259	apps.docker.startContainer() error, start container 52a886252f07347abdfd8a0c68302da8c919f5e7253edf77b6f590c12ac0a3a5 error: Error response from daemon: driver failed programming external connectivity on endpoint python-test (d21ca9bfcaa0b39cbde2c83d824c3636c0e74d211227e00ad70daa3bfb77fb9c):  (iptables failed: iptables --wait -t nat -A DOCKER -p tcp -d 0/0 --dport 32777 -j DNAT --to-destination 172.17.0.4:0 ! -i docker0: iptables v1.4.21: Port `0' not valid

Try `iptables -h' or 'iptables --help' for more information.
 (exit status 2))
2020-06-15T17:12:46.401+0800	INFO	server/main.go:40	iCloud server started
2020-06-15T17:18:01.846+0800	INFO	server/main.go:40	iCloud server started
2020-06-15T17:48:39.821+0800	ERROR	apps/docker.go:265	apps.docker.startContainer() error, start container c28429a5b02f3698dea0ad798429534bcf52b7f0ab15abef03a845f5b9fde98d error: Error response from daemon: driver failed programming external connectivity on endpoint python-test (439edf09166bd0643e3ad3f34a83e1538b87ca8be50f331eb9e02e68d328fad4):  (iptables failed: iptables --wait -t nat -A DOCKER -p tcp -d 0/0 --dport 32787 -j DNAT --to-destination 172.17.0.4:0 ! -i docker0: iptables v1.4.21: Port `0' not valid

Try `iptables -h' or 'iptables --help' for more information.
 (exit status 2))
2020-06-15T18:16:02.137+0800	INFO	server/main.go:40	iCloud server started
2020-06-15T18:16:02.148+0800	INFO	server/main.go:44	iCloud server closed
2020-06-15T18:17:08.076+0800	INFO	server/main.go:40	iCloud server started
2020-06-15T18:17:08.086+0800	INFO	server/main.go:44	iCloud server closed
2020-06-15T18:20:23.239+0800	INFO	server/main.go:40	iCloud server started
2020-06-15T18:20:23.263+0800	INFO	server/main.go:44	iCloud server closed
2020-06-15T18:29:47.665+0800	INFO	server/main.go:40	iCloud server started
2020-06-15T19:22:36.663+0800	INFO	server/main.go:40	iCloud server started
2020-06-15T19:46:40.306+0800	ERROR	apps/docker.go:301	apps.docker.startContainer() error, start container 90b7dfb3c42de1b955872cf2fd92bdeeafcbb393352346df64c7df44d649e183 error: Error response from daemon: OCI runtime create failed: container_linux.go:349: starting container process caused "exec: \"which python\": executable file not found in $PATH": unknown
2020-06-15T19:59:27.435+0800	ERROR	apps/docker.go:301	apps.docker.startContainer() error, start container 03b7d10109ccc04223ef92e6b30e817f833a6970a0a702c19a5d5ce05899b21b error: Error response from daemon: OCI runtime create failed: container_linux.go:349: starting container process caused "exec: \"date && python /spt/apps/main.py 20200605\": stat date && python /spt/apps/main.py 20200605: no such file or directory": unknown
2020-06-15T20:14:51.081+0800	INFO	server/main.go:40	iCloud server started
2020-06-15T20:36:23.733+0800	INFO	server/main.go:40	iCloud server started
2020-06-15T20:44:21.858+0800	INFO	server/main.go:40	iCloud server started
2020-06-16T09:46:30.181+0800	ERROR	apps/docker.go:301	apps.docker.startContainer() error, start container 77191fa826d204a0cd493793b58a94b0283ed2b3538e908846de2c7716f9a9c2 error: Error response from daemon: OCI runtime create failed: container_linux.go:349: starting container process caused "exec: \"date && which python && python /spt/apps/main.py 20200605\": stat date && which python && python /spt/apps/main.py 20200605: no such file or directory": unknown
2020-06-16T16:14:27.365+0800	INFO	server/main.go:40	iCloud server started
2020-06-16T16:32:28.936+0800	INFO	server/main.go:40	iCloud server started
2020-06-16T16:39:56.027+0800	ERROR	rpcServer/entryPointScriptCreate.go:28	rpcServer.entryPointScriptCreate() error, call client 192.168.0.100:19876 to create entry point script by grpc error: rpc error: code = Internal desc = grpc: error while marshaling: proto: Marshal called with nil
2020-06-16T16:52:45.618+0800	INFO	server/main.go:40	iCloud server started
2020-06-16T16:54:32.094+0800	ERROR	rpcServer/entryPointScriptCreate.go:29	rpcServer.entryPointScriptCreate() error, call client 192.168.0.100:19876 to create entry point script by grpc error: rpc error: code = Internal desc = grpc: error while marshaling: proto: Marshal called with nil
2020-06-17T17:04:34.260+0800	INFO	server/main.go:40	iCloud server started
2020-06-17T17:31:17.195+0800	INFO	server/main.go:40	iCloud server started
2020-06-19T10:55:34.587+0800	INFO	server/main.go:40	iCloud server started
2020-06-19T10:57:24.882+0800	INFO	server/main.go:40	iCloud server started
2020-06-19T11:29:52.089+0800	INFO	server/main.go:40	iCloud server started
2020-06-19T12:17:30.949+0800	INFO	server/main.go:40	iCloud server started
2020-06-19T12:27:20.870+0800	INFO	server/main.go:40	iCloud server started
2020-06-19T12:34:06.640+0800	INFO	server/main.go:40	iCloud server started
2020-06-19T12:35:22.355+0800	INFO	server/main.go:40	iCloud server started
2020-06-19T12:35:46.916+0800	INFO	server/main.go:40	iCloud server started
2020-06-19T13:04:48.183+0800	INFO	server/main.go:40	iCloud server started
2020-06-19T13:06:22.807+0800	INFO	server/main.go:40	iCloud server started
2020-06-19T13:09:44.275+0800	INFO	server/main.go:40	iCloud server started
2020-06-19T13:25:58.548+0800	INFO	server/main.go:40	iCloud server started
2020-06-19T13:58:42.422+0800	INFO	server/main.go:40	iCloud server started
2020-06-19T13:58:52.233+0800	ERROR	apps/webUploader.go:39	%s, error: number of file which upload by webUploader is not 1
2020-06-19T13:58:52.695+0800	ERROR	apps/webUploader.go:39	%s, error: number of file which upload by webUploader is not 1
2020-06-19T13:58:53.395+0800	ERROR	apps/webUploader.go:39	%s, error: number of file which upload by webUploader is not 1
2020-06-19T14:04:25.636+0800	ERROR	apps/webUploader.go:39	%s, error: number of file which upload by webUploader is not 1
2020-06-19T14:04:26.060+0800	ERROR	apps/webUploader.go:39	%s, error: number of file which upload by webUploader is not 1
2020-06-19T14:04:26.466+0800	ERROR	apps/webUploader.go:39	%s, error: number of file which upload by webUploader is not 1
2020-06-19T14:05:27.834+0800	ERROR	apps/webUploader.go:39	%s, error: number of file which upload by webUploader is not 1
2020-06-19T14:05:28.619+0800	ERROR	apps/webUploader.go:39	%s, error: number of file which upload by webUploader is not 1
2020-06-19T14:05:29.316+0800	ERROR	apps/webUploader.go:39	%s, error: number of file which upload by webUploader is not 1
2020-06-19T14:06:19.827+0800	INFO	server/main.go:40	iCloud server started
2020-06-19T14:06:27.810+0800	ERROR	apps/webUploader.go:41	%s, error: number of file which upload by webUploader is not 1
2020-06-19T14:06:28.244+0800	ERROR	apps/webUploader.go:41	%s, error: number of file which upload by webUploader is not 1
2020-06-19T14:06:28.660+0800	ERROR	apps/webUploader.go:41	%s, error: number of file which upload by webUploader is not 1
2020-06-19T14:09:10.725+0800	INFO	server/main.go:40	iCloud server started
2020-06-19T14:09:19.156+0800	ERROR	apps/webUploader.go:41	apps.webUploader.FileUpload(), error: number of file which upload by webUploader is 0, but it should be 1
2020-06-19T14:09:19.848+0800	ERROR	apps/webUploader.go:41	apps.webUploader.FileUpload(), error: number of file which upload by webUploader is 0, but it should be 1
2020-06-19T14:09:20.281+0800	ERROR	apps/webUploader.go:41	apps.webUploader.FileUpload(), error: number of file which upload by webUploader is 0, but it should be 1
2020-06-19T14:11:06.221+0800	INFO	server/main.go:40	iCloud server started
2020-06-19T14:13:54.151+0800	INFO	server/main.go:40	iCloud server started
2020-06-19T14:14:48.773+0800	INFO	server/main.go:40	iCloud server started
2020-06-19T14:26:15.896+0800	INFO	server/main.go:40	iCloud server started
2020-06-19T15:11:37.459+0800	INFO	server/main.go:40	iCloud server started
2020-06-19T15:12:30.563+0800	INFO	server/main.go:40	iCloud server started
2020-06-19T15:58:12.633+0800	INFO	server/main.go:40	iCloud server started
2020-06-19T16:04:39.584+0800	INFO	server/main.go:40	iCloud server started
2020-06-19T19:11:39.255+0800	INFO	server/main.go:40	iCloud server started
2020-06-19T19:12:09.906+0800	ERROR	apps/webUploader.go:116	apps.webUpload.fileMerge error, open block file[D:/go_project/iCloud/uploadTemp/docker-ce.rar-wu_1eb64e1isrts8t4tjsbhp8ca0-0] to merge error: open D:/go_project/iCloud/uploadTemp/docker-ce.rar-wu_1eb64e1isrts8t4tjsbhp8ca0-0: The system cannot find the file specified.
2020-06-19T19:12:10.354+0800	ERROR	apps/webUploader.go:116	apps.webUpload.fileMerge error, open block file[D:/go_project/iCloud/uploadTemp/docker-ce.rar-wu_1eb64e1isrts8t4tjsbhp8ca0-0] to merge error: open D:/go_project/iCloud/uploadTemp/docker-ce.rar-wu_1eb64e1isrts8t4tjsbhp8ca0-0: The system cannot find the file specified.
2020-06-19T19:12:10.818+0800	ERROR	apps/webUploader.go:116	apps.webUpload.fileMerge error, open block file[D:/go_project/iCloud/uploadTemp/docker-ce.rar-wu_1eb64e1isrts8t4tjsbhp8ca0-0] to merge error: open D:/go_project/iCloud/uploadTemp/docker-ce.rar-wu_1eb64e1isrts8t4tjsbhp8ca0-0: The system cannot find the file specified.
2020-06-19T20:34:09.939+0800	INFO	server/main.go:40	iCloud server started
2020-06-19T20:41:30.749+0800	ERROR	apps/webUploader.go:99	apps.webUpload.fileMerge error, rename file[D:/go_project/iCloud/uploadTemp] error: %!v(MISSING)
2020-06-19T20:44:45.091+0800	INFO	server/main.go:40	iCloud server started
2020-06-19T20:44:52.994+0800	ERROR	apps/webUploader.go:99	apps.webUpload.BlockFileMerge() error, rename file[D:/go_project/iCloud/uploadTemp] error: rename D:/go_project/iCloud/uploadTemp/wu_1eb69im0rcvg1ebl1t03138m1fe30 D:/go_project/iCloud/uploadTemp: Access is denied.
2020-06-19T20:48:50.332+0800	ERROR	apps/webUploader.go:105	apps.webUpload.BlockFileMerge() error, create final file which is used to merge upload block file error: open D:/go_project/iCloud/uploadTemp: is a directory
2020-06-19T20:50:14.861+0800	INFO	server/main.go:40	iCloud server started
2020-06-19T20:53:59.337+0800	ERROR	apps/webUploader.go:175	apps.webUploader.removeDir() error, remove old file[D:/go_project/iCloud/uploadTemp/wu_1eb69vj81aq81b3eve9pvb18hj0] in D:/go_project/iCloud/uploadTemp error: remove D:/go_project/iCloud/uploadTemp/wu_1eb69vj81aq81b3eve9pvb18hj0: The directory is not empty.
2020-06-19T20:56:05.962+0800	ERROR	apps/webUploader.go:175	apps.webUploader.removeDir() error, remove old file[D:/go_project/iCloud/uploadTemp/wu_1eb69vj81aq81b3eve9pvb18hj0] in D:/go_project/iCloud/uploadTemp error: remove D:/go_project/iCloud/uploadTemp/wu_1eb69vj81aq81b3eve9pvb18hj0: The directory is not empty.
2020-06-20T14:32:08.289+0800	INFO	server/main.go:40	iCloud server started
2020-06-20T14:32:45.009+0800	INFO	server/main.go:40	iCloud server started
2020-06-20T14:34:27.937+0800	INFO	server/main.go:41	iCloud server started
2020-06-20T14:35:39.376+0800	INFO	server/main.go:41	iCloud server started
2020-06-20T14:35:58.757+0800	INFO	server/main.go:45	iCloud server closed
2020-06-20T14:38:39.539+0800	INFO	server/main.go:41	iCloud server started
